  main.cpp
D:\C++ C C#\C\LR 7\LR 7\main.cpp(126,22): warning C4129: _: неизвестная escape-последовательность
D:\C++ C C#\C\LR 7\LR 7\main.cpp(137,23): warning C4018: <: несоответствие типов со знаком и без знака
D:\C++ C C#\C\LR 7\LR 7\main.cpp(156,22): warning C4129: _: неизвестная escape-последовательность
D:\C++ C C#\C\LR 7\LR 7\main.cpp(161,27): warning C4018: <: несоответствие типов со знаком и без знака
D:\C++ C C#\C\LR 7\LR 7\main.cpp(170,31): warning C4018: <: несоответствие типов со знаком и без знака
D:\C++ C C#\C\LR 7\LR 7\main.cpp(178,31): warning C4018: <: несоответствие типов со знаком и без знака
D:\C++ C C#\C\LR 7\LR 7\main.cpp(255,22): warning C4129: _: неизвестная escape-последовательность
D:\C++ C C#\C\LR 7\LR 7\main.cpp(281,23): warning C4018: <: несоответствие типов со знаком и без знака
D:\C++ C C#\C\LR 7\LR 7\main.cpp(304,23): warning C4018: <: несоответствие типов со знаком и без знака
D:\C++ C C#\C\LR 7\LR 7\main.cpp(316,23): warning C4018: <: несоответствие типов со знаком и без знака
D:\C++ C C#\C\LR 7\LR 7\main.cpp(341,23): warning C4018: <: несоответствие типов со знаком и без знака
D:\C++ C C#\C\LR 7\LR 7\main.cpp(360,23): warning C4018: <: несоответствие типов со знаком и без знака
D:\C++ C C#\C\LR 7\LR 7\main.cpp(389,22): warning C4129: _: неизвестная escape-последовательность
D:\C++ C C#\C\LR 7\LR 7\main.cpp(400,23): warning C4018: <: несоответствие типов со знаком и без знака
D:\C++ C C#\C\LR 7\LR 7\main.cpp(415,22): warning C4553: "==": результат выражения не используется; вы хотели использовать "="?
D:\C++ C C#\C\LR 7\LR 7\main.cpp(440,22): warning C4129: _: неизвестная escape-последовательность
D:\C++ C C#\C\LR 7\LR 7\main.cpp(451,23): warning C4018: <: несоответствие типов со знаком и без знака
D:\C++ C C#\C\LR 7\LR 7\main.cpp(466,22): warning C4553: "==": результат выражения не используется; вы хотели использовать "="?
  Test.cpp
D:\C++ C C#\C\LR 7\LR 7\Test.cpp(54,23): warning C4018: <: несоответствие типов со знаком и без знака
D:\C++ C C#\C\LR 7\LR 7\Test.cpp(83,23): warning C4018: <: несоответствие типов со знаком и без знака
  Создание кода...
  LR 7.vcxproj -> D:\C++ C C#\C\LR 7\Debug\LR 7.exe
